Arguments: 
  /usr/local/bin/node /usr/bin/yarn

PATH: 
  /usr/local/sbin:/usr/local/bin:/usr/sbin:/usr/bin:/sbin:/bin:/usr/games:/usr/local/games:/snap/bin

Yarn version: 
  1.16.0

Node version: 
  12.13.1

Platform: 
  linux x64

Trace: 
  Error: EACCES: permission denied, mkdir '/home/developer/Desktop/test apps/caching-demo/api/node_modules/@babel/core/node_modules/debug'

npm manifest: 
  {
    "name": "api",
    "version": "1.0.0",
    "main": "src/index.js",
    "license": "MIT",
    "scripts": {
      "dev": "backpack",
      "build": "backpack build"
    },
    "dependencies": {
      "backpack-core": "^0.8.4",
      "body-parser": "^1.19.0",
      "cors": "^2.8.5",
      "dotenv": "^8.2.0",
      "express": "^4.17.1",
      "lodash": "^4.17.15",
      "lowdb": "^1.0.0",
      "morgan": "^1.9.1",
      "orientjs": "^3.0.9",
      "pluralize": "^8.0.0",
      "restify": "^8.5.1",
      "rxjs": "^6.5.4",
      "thinky": "^2.3.9",
      "winston": "^3.2.1",
      "winston-daily-rotate-file": "^4.4.2"
    },
    "devDependencies": {
      "@types/pluralize": "^0.0.29"
    }
  }

yarn manifest: 
  No manifest

Lockfile: 
  
